Arguments: 
  /usr/local/lib/nodejs/node-v10.14.2/bin/node /home/mgm/.yarn/bin/yarn.js login

PATH: 
  /home/mgm/.yarn/bin:/home/mgm/.config/yarn/global/node_modules/.bin:/home/mgm/.yarn/bin:/home/mgm/.config/yarn/global/node_modules/.bin:/usr/local/lib/nodejs/node-v10.14.2/bin:/home/mgm/.local/bin:/usr/local/sbin:/usr/local/bin:/usr/sbin:/usr/bin:/sbin:/bin:/usr/games:/usr/local/games:/snap/bin

Yarn version: 
  1.17.3

Node version: 
  10.14.2

Platform: 
  linux x64

Trace: 
  Error: canceled
      at Interface.<anonymous> (/home/mgm/.yarn/lib/cli.js:136724:13)
      at Interface.emit (events.js:182:13)
      at Interface._ttyWrite (readline.js:783:16)
      at ReadStream.onkeypress (readline.js:168:10)
      at ReadStream.emit (events.js:182:13)
      at emitKeys (internal/readline.js:424:14)
      at emitKeys.next (<anonymous>)
      at ReadStream.onData (readline.js:1022:36)
      at ReadStream.emit (events.js:182:13)
      at addChunk (_stream_readable.js:283:12)

npm manifest: 
  {
    "name": "event-driven",
    "version": "1.0.0",
    "main": "index.js",
    "repository": "git@github.com:MateusGabi/event-driven.git",
    "author": "Mateus Gabi Moreira <mateusgabimoreira@gmail.com>",
    "scripts": {
      "test": "cd test && for i in *; do node $i; done && cd ..",
      "dev": "nodemon --exec 'yarn test' ."
    },
    "license": "MIT",
    "dependencies": {
      "testing-library": "https://github.com/MateusGabi/testing-library"
    }
  }

yarn manifest: 
  No manifest

Lockfile: 
  # THIS IS AN AUTOGENERATED FILE. DO NOT EDIT THIS FILE DIRECTLY.
  # yarn lockfile v1
  
  
  "testing-library@https://github.com/MateusGabi/testing-library":
    version "1.0.0"
    resolved "https://github.com/MateusGabi/testing-library#808aac84f4d4d9bcc1c5cde1250b30103ba501ec"
